{"/home/joyce/development/code/phase_3/BinarySearchTree/src/bst-node.js": {"path":"/home/joyce/development/code/phase_3/BinarySearchTree/src/bst-node.js","statementMap":{"0":{"start":{"line":3,"column":6},"end":{"line":3,"column":23}},"1":{"start":{"line":4,"column":6},"end":{"line":4,"column":23}},"2":{"start":{"line":5,"column":6},"end":{"line":5,"column":24}}},"fnMap":{"0":{"name":"(anonymous_0)","decl":{"start":{"line":2,"column":4},"end":{"line":2,"column":5}},"loc":{"start":{"line":2,"column":22},"end":{"line":6,"column":5}},"line":2}},"branchMap":{},"s":{"0":6,"1":6,"2":6},"f":{"0":6},"b":{},"_coverageSchema":"43e27e138ebf9cfc5966b082cf9a028302ed4184","hash":"2d69a4ca54c2f39784ac89067644fc1ab99c2d2c"}
,"/home/joyce/development/code/phase_3/BinarySearchTree/src/bst.js": {"path":"/home/joyce/development/code/phase_3/BinarySearchTree/src/bst.js","statementMap":{"0":{"start":{"line":3,"column":4},"end":{"line":3,"column":21}},"1":{"start":{"line":7,"column":4},"end":{"line":13,"column":5}},"2":{"start":{"line":8,"column":6},"end":{"line":8,"column":23}},"3":{"start":{"line":9,"column":11},"end":{"line":13,"column":5}},"4":{"start":{"line":10,"column":6},"end":{"line":10,"column":28}},"5":{"start":{"line":11,"column":11},"end":{"line":13,"column":5}},"6":{"start":{"line":12,"column":6},"end":{"line":12,"column":29}}},"fnMap":{"0":{"name":"(anonymous_0)","decl":{"start":{"line":2,"column":2},"end":{"line":2,"column":3}},"loc":{"start":{"line":2,"column":16},"end":{"line":4,"column":3}},"line":2},"1":{"name":"(anonymous_1)","decl":{"start":{"line":6,"column":2},"end":{"line":6,"column":3}},"loc":{"start":{"line":6,"column":15},"end":{"line":14,"column":3}},"line":6}},"branchMap":{"0":{"loc":{"start":{"line":7,"column":4},"end":{"line":13,"column":5}},"type":"if","locations":[{"start":{"line":7,"column":4},"end":{"line":13,"column":5}},{"start":{"line":7,"column":4},"end":{"line":13,"column":5}}],"line":7},"1":{"loc":{"start":{"line":9,"column":11},"end":{"line":13,"column":5}},"type":"if","locations":[{"start":{"line":9,"column":11},"end":{"line":13,"column":5}},{"start":{"line":9,"column":11},"end":{"line":13,"column":5}}],"line":9},"2":{"loc":{"start":{"line":11,"column":11},"end":{"line":13,"column":5}},"type":"if","locations":[{"start":{"line":11,"column":11},"end":{"line":13,"column":5}},{"start":{"line":11,"column":11},"end":{"line":13,"column":5}}],"line":11}},"s":{"0":4,"1":5,"2":3,"3":2,"4":1,"5":1,"6":1},"f":{"0":4,"1":5},"b":{"0":[3,2],"1":[1,1],"2":[1,0]},"_coverageSchema":"43e27e138ebf9cfc5966b082cf9a028302ed4184","hash":"44ec98a00cca3eee382085368961d4b441abe71f"}
}
